[17:39:24] [main/INFO]: Environment: authHost='https://authserver.mojang.com', accountsHost='https://api.mojang.com', sessionHost='https://sessionserver.mojang.com', name='PROD'
[17:39:25] [main/INFO]: Reloading ResourceManager: Default, bukkit
[17:39:25] [Worker-Main-9/INFO]: Loaded 7 recipes
[17:39:28] [Server thread/INFO]: Starting minecraft server version 1.16.2
[17:39:28] [Server thread/INFO]: Loading properties
[17:39:29] [Server thread/INFO]: This server is running CraftBukkit version git-Spigot-379750e-43c7ff9 (MC: 1.16.2) (Implementing API version 1.16.2-R0.1-SNAPSHOT)
[17:39:29] [Server thread/INFO]: Debug logging is disabled
[17:39:29] [Server thread/INFO]: Server Ping Player Sample Count: 12
[17:39:29] [Server thread/INFO]: Using 4 threads for Netty based IO
[17:39:29] [Server thread/INFO]: Default game type: SURVIVAL
[17:39:29] [Server thread/INFO]: Generating keypair
[17:39:29] [Server thread/INFO]: Starting Minecraft server on *:25565
[17:39:29] [Server thread/INFO]: Using default channel type
[17:39:30] [Server thread/INFO]: Preparing level "world"
[17:39:30] [Server thread/INFO]: -------- World Settings For [world] --------
[17:39:30] [Server thread/INFO]: Mob Spawn Range: 6
[17:39:30] [Server thread/INFO]: Experience Merge Radius: 3.0
[17:39:30] [Server thread/INFO]: Entity Activation Range: An 32 / Mo 32 / Ra 48 / Mi 16 / Tiv true
[17:39:30] [Server thread/INFO]: Cactus Growth Modifier: 100%
[17:39:30] [Server thread/INFO]: Cane Growth Modifier: 100%
[17:39:30] [Server thread/INFO]: Melon Growth Modifier: 100%
[17:39:30] [Server thread/INFO]: Mushroom Growth Modifier: 100%
[17:39:30] [Server thread/INFO]: Pumpkin Growth Modifier: 100%
[17:39:30] [Server thread/INFO]: Sapling Growth Modifier: 100%
[17:39:30] [Server thread/INFO]: Beetroot Growth Modifier: 100%
[17:39:30] [Server thread/INFO]: Carrot Growth Modifier: 100%
[17:39:30] [Server thread/INFO]: Potato Growth Modifier: 100%
[17:39:30] [Server thread/INFO]: Wheat Growth Modifier: 100%
[17:39:30] [Server thread/INFO]: NetherWart Growth Modifier: 100%
[17:39:30] [Server thread/INFO]: Vine Growth Modifier: 100%
[17:39:30] [Server thread/INFO]: Cocoa Growth Modifier: 100%
[17:39:30] [Server thread/INFO]: Bamboo Growth Modifier: 100%
[17:39:30] [Server thread/INFO]: SweetBerry Growth Modifier: 100%
[17:39:30] [Server thread/INFO]: Kelp Growth Modifier: 100%
[17:39:30] [Server thread/INFO]: Hopper Transfer: 8 Hopper Check: 1 Hopper Amount: 1
[17:39:30] [Server thread/INFO]: Tile Max Tick Time: 50ms Entity max Tick Time: 50ms
[17:39:30] [Server thread/INFO]: Max TNT Explosions: 100
[17:39:30] [Server thread/INFO]: Entity Tracking Range: Pl 48 / An 48 / Mo 48 / Mi 32 / Other 64
[17:39:30] [Server thread/INFO]: Allow Zombie Pigmen to spawn from portal blocks: true
[17:39:30] [Server thread/INFO]: Item Despawn Rate: 6000
[17:39:30] [Server thread/INFO]: Item Merge Radius: 2.5
[17:39:30] [Server thread/INFO]: View Distance: 10
[17:39:30] [Server thread/INFO]: Arrow Despawn Rate: 1200 Trident Respawn Rate:1200
[17:39:30] [Server thread/INFO]: Zombie Aggressive Towards Villager: true
[17:39:30] [Server thread/INFO]: Nerfing mobs spawned from spawners: false
[17:39:30] [Server thread/INFO]: Custom Map Seeds:  Village: 10387312 Desert: 14357617 Igloo: 14357618 Jungle: 14357619 Swamp: 14357620 Monument: 10387313 Ocean: 14357621 Shipwreck: 165745295 End City: 10387313 Slime: 987234911 Bastion: 30084232 Fortress: 30084232 Mansion: 10387319 Fossil: 14357921 Portal: 34222645
[17:39:30] [Server thread/INFO]: -------- World Settings For [world_nether] --------
[17:39:30] [Server thread/INFO]: Mob Spawn Range: 6
[17:39:30] [Server thread/INFO]: Experience Merge Radius: 3.0
[17:39:30] [Server thread/INFO]: Entity Activation Range: An 32 / Mo 32 / Ra 48 / Mi 16 / Tiv true
[17:39:30] [Server thread/INFO]: Cactus Growth Modifier: 100%
[17:39:30] [Server thread/INFO]: Cane Growth Modifier: 100%
[17:39:30] [Server thread/INFO]: Melon Growth Modifier: 100%
[17:39:30] [Server thread/INFO]: Mushroom Growth Modifier: 100%
[17:39:30] [Server thread/INFO]: Pumpkin Growth Modifier: 100%
[17:39:30] [Server thread/INFO]: Sapling Growth Modifier: 100%
[17:39:30] [Server thread/INFO]: Beetroot Growth Modifier: 100%
[17:39:30] [Server thread/INFO]: Carrot Growth Modifier: 100%
[17:39:30] [Server thread/INFO]: Potato Growth Modifier: 100%
[17:39:30] [Server thread/INFO]: Wheat Growth Modifier: 100%
[17:39:30] [Server thread/INFO]: NetherWart Growth Modifier: 100%
[17:39:30] [Server thread/INFO]: Vine Growth Modifier: 100%
[17:39:30] [Server thread/INFO]: Cocoa Growth Modifier: 100%
[17:39:30] [Server thread/INFO]: Bamboo Growth Modifier: 100%
[17:39:30] [Server thread/INFO]: SweetBerry Growth Modifier: 100%
[17:39:30] [Server thread/INFO]: Kelp Growth Modifier: 100%
[17:39:30] [Server thread/INFO]: Hopper Transfer: 8 Hopper Check: 1 Hopper Amount: 1
[17:39:30] [Server thread/INFO]: Tile Max Tick Time: 50ms Entity max Tick Time: 50ms
[17:39:30] [Server thread/INFO]: Max TNT Explosions: 100
[17:39:30] [Server thread/INFO]: Entity Tracking Range: Pl 48 / An 48 / Mo 48 / Mi 32 / Other 64
[17:39:30] [Server thread/INFO]: Allow Zombie Pigmen to spawn from portal blocks: true
[17:39:30] [Server thread/INFO]: Item Despawn Rate: 6000
[17:39:30] [Server thread/INFO]: Item Merge Radius: 2.5
[17:39:30] [Server thread/INFO]: View Distance: 10
[17:39:30] [Server thread/INFO]: Arrow Despawn Rate: 1200 Trident Respawn Rate:1200
[17:39:30] [Server thread/INFO]: Zombie Aggressive Towards Villager: true
[17:39:30] [Server thread/INFO]: Nerfing mobs spawned from spawners: false
[17:39:30] [Server thread/INFO]: Custom Map Seeds:  Village: 10387312 Desert: 14357617 Igloo: 14357618 Jungle: 14357619 Swamp: 14357620 Monument: 10387313 Ocean: 14357621 Shipwreck: 165745295 End City: 10387313 Slime: 987234911 Bastion: 30084232 Fortress: 30084232 Mansion: 10387319 Fossil: 14357921 Portal: 34222645
[17:39:31] [Server thread/INFO]: -------- World Settings For [world_the_end] --------
[17:39:31] [Server thread/INFO]: Mob Spawn Range: 6
[17:39:31] [Server thread/INFO]: Experience Merge Radius: 3.0
[17:39:31] [Server thread/INFO]: Entity Activation Range: An 32 / Mo 32 / Ra 48 / Mi 16 / Tiv true
[17:39:31] [Server thread/INFO]: Cactus Growth Modifier: 100%
[17:39:31] [Server thread/INFO]: Cane Growth Modifier: 100%
[17:39:31] [Server thread/INFO]: Melon Growth Modifier: 100%
[17:39:31] [Server thread/INFO]: Mushroom Growth Modifier: 100%
[17:39:31] [Server thread/INFO]: Pumpkin Growth Modifier: 100%
[17:39:31] [Server thread/INFO]: Sapling Growth Modifier: 100%
[17:39:31] [Server thread/INFO]: Beetroot Growth Modifier: 100%
[17:39:31] [Server thread/INFO]: Carrot Growth Modifier: 100%
[17:39:31] [Server thread/INFO]: Potato Growth Modifier: 100%
[17:39:31] [Server thread/INFO]: Wheat Growth Modifier: 100%
[17:39:31] [Server thread/INFO]: NetherWart Growth Modifier: 100%
[17:39:31] [Server thread/INFO]: Vine Growth Modifier: 100%
[17:39:31] [Server thread/INFO]: Cocoa Growth Modifier: 100%
[17:39:31] [Server thread/INFO]: Bamboo Growth Modifier: 100%
[17:39:31] [Server thread/INFO]: SweetBerry Growth Modifier: 100%
[17:39:31] [Server thread/INFO]: Kelp Growth Modifier: 100%
[17:39:31] [Server thread/INFO]: Hopper Transfer: 8 Hopper Check: 1 Hopper Amount: 1
[17:39:31] [Server thread/INFO]: Tile Max Tick Time: 50ms Entity max Tick Time: 50ms
[17:39:31] [Server thread/INFO]: Max TNT Explosions: 100
[17:39:31] [Server thread/INFO]: Entity Tracking Range: Pl 48 / An 48 / Mo 48 / Mi 32 / Other 64
[17:39:31] [Server thread/INFO]: Allow Zombie Pigmen to spawn from portal blocks: true
[17:39:31] [Server thread/INFO]: Item Despawn Rate: 6000
[17:39:31] [Server thread/INFO]: Item Merge Radius: 2.5
[17:39:31] [Server thread/INFO]: View Distance: 10
[17:39:31] [Server thread/INFO]: Arrow Despawn Rate: 1200 Trident Respawn Rate:1200
[17:39:31] [Server thread/INFO]: Zombie Aggressive Towards Villager: true
[17:39:31] [Server thread/INFO]: Nerfing mobs spawned from spawners: false
[17:39:31] [Server thread/INFO]: Custom Map Seeds:  Village: 10387312 Desert: 14357617 Igloo: 14357618 Jungle: 14357619 Swamp: 14357620 Monument: 10387313 Ocean: 14357621 Shipwreck: 165745295 End City: 10387313 Slime: 987234911 Bastion: 30084232 Fortress: 30084232 Mansion: 10387319 Fossil: 14357921 Portal: 34222645
[17:39:31] [Server thread/INFO]: Preparing start region for dimension minecraft:overworld
[17:39:32] [Server thread/INFO]: Preparing spawn area: 0%
[17:39:32] [Server thread/INFO]: Preparing spawn area: 0%
[17:39:32] [Server thread/INFO]: Preparing spawn area: 0%
[17:39:32] [Server thread/INFO]: Preparing spawn area: 0%
[17:39:34] [Worker-Main-10/INFO]: Preparing spawn area: 83%
[17:39:35] [Worker-Main-7/INFO]: Preparing spawn area: 83%
[17:39:35] [Worker-Main-7/INFO]: Preparing spawn area: 83%
[17:39:35] [Worker-Main-7/INFO]: Preparing spawn area: 83%
[17:39:35] [Worker-Main-10/INFO]: Preparing spawn area: 83%
[17:39:35] [Worker-Main-11/INFO]: Preparing spawn area: 83%
[17:39:36] [Worker-Main-7/INFO]: Preparing spawn area: 83%
[17:39:36] [Worker-Main-10/INFO]: Preparing spawn area: 83%
